<?xml version="1.0" encoding="UTF-8"?>
<!-- Generated by org.testng.reporters.JUnitReportReporter -->
<testsuite name="com.qmetry.qaf.automation.step.client.Scenario" tests="1" time="0.339" ignored="0" failures="0" timestamp="14 Aug 2018 10:10:05 GMT" skipped="1" hostname="ICPL11434" errors="0">
  <testcase name="Test1auto" time="0.339" classname="com.qmetry.qaf.automation.step.client.Scenario">
    <skipped/>
  </testcase> <!-- Test1auto -->
</testsuite> <!-- com.qmetry.qaf.automation.step.client.Scenario -->
